<?xml version="1.0" encoding="utf-8"?><testsuites name="pytest tests"><testsuite name="pytest" errors="0" failures="0" skipped="0" tests="27" time="5.805" timestamp="2026-03-12T22:45:07.959174+00:00" hostname="agent-env-2af839da-09bb-4344-a14a-343609bcf153"><testcase classname="tests.test_tenant_isolation.TestAuthenticationRequired" name="test_logbooks_requires_auth" time="0.238" /><testcase classname="tests.test_tenant_isolation.TestAuthenticationRequired" name="test_patients_requires_auth" time="0.133" /><testcase classname="tests.test_tenant_isolation.TestAuthenticationRequired" name="test_tickets_requires_auth" time="0.123" /><testcase classname="tests.test_tenant_isolation.TestAuthenticationRequired" name="test_auth_me_requires_auth" time="0.111" /><testcase classname="tests.test_tenant_isolation.TestAuthenticationRequired" name="test_admin_users_requires_auth" time="0.133" /><testcase classname="tests.test_tenant_isolation.TestAuthenticationRequired" name="test_admin_tickets_requires_auth" time="0.137" /><testcase classname="tests.test_tenant_isolation.TestDemoLogin" name="test_demo_user_login" time="0.138" /><testcase classname="tests.test_tenant_isolation.TestDemoLogin" name="test_demo_admin_login" time="0.126" /><testcase classname="tests.test_tenant_isolation.TestDemoLogin" name="test_invalid_demo_login" time="0.108" /><testcase classname="tests.test_tenant_isolation.TestAdminRoleAccess" name="test_admin_users_returns_403_for_user" time="0.174" /><testcase classname="tests.test_tenant_isolation.TestAdminRoleAccess" name="test_admin_tickets_returns_403_for_user" time="0.196" /><testcase classname="tests.test_tenant_isolation.TestAdminRoleAccess" name="test_admin_stats_returns_403_for_user" time="0.177" /><testcase classname="tests.test_tenant_isolation.TestAdminRoleAccess" name="test_admin_users_returns_200_for_admin" time="0.171" /><testcase classname="tests.test_tenant_isolation.TestAdminRoleAccess" name="test_admin_tickets_returns_200_for_admin" time="0.191" /><testcase classname="tests.test_tenant_isolation.TestAdminRoleAccess" name="test_admin_stats_returns_200_for_admin" time="0.190" /><testcase classname="tests.test_tenant_isolation.TestDataIsolation" name="test_logbooks_returns_only_user_data" time="0.169" /><testcase classname="tests.test_tenant_isolation.TestDataIsolation" name="test_patients_returns_only_user_data" time="0.148" /><testcase classname="tests.test_tenant_isolation.TestDataIsolation" name="test_tickets_returns_only_user_data" time="0.173" /><testcase classname="tests.test_tenant_isolation.TestDataIsolation" name="test_user_and_admin_see_different_logbooks" time="0.343" /><testcase classname="tests.test_tenant_isolation.TestCreateWithAuthenticatedUserId" name="test_create_patient_uses_auth_user_id" time="0.221" /><testcase classname="tests.test_tenant_isolation.TestCreateWithAuthenticatedUserId" name="test_create_ticket_uses_auth_user_info" time="0.180" /><testcase classname="tests.test_tenant_isolation.TestCreateWithAuthenticatedUserId" name="test_create_logbook_uses_auth_user_id" time="0.253" /><testcase classname="tests.test_tenant_isolation.TestOwnershipEnforcement" name="test_user_can_update_own_logbook" time="0.299" /><testcase classname="tests.test_tenant_isolation.TestOwnershipEnforcement" name="test_user_can_delete_own_logbook" time="0.295" /><testcase classname="tests.test_tenant_isolation.TestOwnershipEnforcement" name="test_user_cannot_update_other_users_logbook" time="0.478" /><testcase classname="tests.test_tenant_isolation.TestOwnershipEnforcement" name="test_user_cannot_delete_other_users_logbook" time="0.652" /><testcase classname="tests.test_tenant_isolation.TestHealthCheck" name="test_health_endpoint" time="0.104" /></testsuite></testsuites>