<?xml version="1.0" encoding="utf-8"?><testsuites name="pytest tests"><testsuite name="pytest" errors="0" failures="0" skipped="0" tests="24" time="4.788" timestamp="2026-03-20T20:24:23.728077+00:00" hostname="agent-env-dc0246bd-0222-4583-8d6a-1c62e34d314e"><testcase classname="backend.tests.test_admin_ticket_user_endpoints.TestAdminEndpointsExist" name="test_health_check" time="0.175" /><testcase classname="backend.tests.test_admin_ticket_user_endpoints.TestAdminEndpointsExist" name="test_admin_users_requires_auth" time="0.147" /><testcase classname="backend.tests.test_admin_ticket_user_endpoints.TestAdminEndpointsExist" name="test_admin_tickets_requires_auth" time="0.126" /><testcase classname="backend.tests.test_admin_ticket_user_endpoints.TestAdminEndpointsExist" name="test_ticket_status_update_requires_auth" time="0.117" /><testcase classname="backend.tests.test_admin_ticket_user_endpoints.TestAdminEndpointsExist" name="test_ticket_reply_requires_auth" time="0.128" /><testcase classname="backend.tests.test_admin_ticket_user_endpoints.TestAdminEndpointsExist" name="test_ticket_close_requires_auth" time="0.139" /><testcase classname="backend.tests.test_admin_ticket_user_endpoints.TestAdminEndpointsExist" name="test_ticket_delete_requires_auth" time="0.202" /><testcase classname="backend.tests.test_admin_ticket_user_endpoints.TestAdminEndpointsExist" name="test_user_update_requires_auth" time="0.143" /><testcase classname="backend.tests.test_admin_ticket_user_endpoints.TestAdminWithDemoLogin" name="test_get_admin_users" time="0.159" /><testcase classname="backend.tests.test_admin_ticket_user_endpoints.TestAdminWithDemoLogin" name="test_get_admin_tickets" time="0.215" /><testcase classname="backend.tests.test_admin_ticket_user_endpoints.TestAdminWithDemoLogin" name="test_update_ticket_status_open" time="0.227" /><testcase classname="backend.tests.test_admin_ticket_user_endpoints.TestAdminWithDemoLogin" name="test_update_ticket_status_in_progress" time="0.235" /><testcase classname="backend.tests.test_admin_ticket_user_endpoints.TestAdminWithDemoLogin" name="test_update_ticket_status_resolved" time="0.208" /><testcase classname="backend.tests.test_admin_ticket_user_endpoints.TestAdminWithDemoLogin" name="test_update_ticket_status_closed" time="0.271" /><testcase classname="backend.tests.test_admin_ticket_user_endpoints.TestAdminWithDemoLogin" name="test_update_ticket_status_invalid" time="0.205" /><testcase classname="backend.tests.test_admin_ticket_user_endpoints.TestAdminWithDemoLogin" name="test_reply_to_ticket" time="0.258" /><testcase classname="backend.tests.test_admin_ticket_user_endpoints.TestAdminWithDemoLogin" name="test_close_ticket" time="0.227" /><testcase classname="backend.tests.test_admin_ticket_user_endpoints.TestAdminWithDemoLogin" name="test_update_user_subscription_status" time="0.319" /><testcase classname="backend.tests.test_admin_ticket_user_endpoints.TestAdminWithDemoLogin" name="test_update_user_berlaku_sampai" time="0.204" /><testcase classname="backend.tests.test_admin_ticket_user_endpoints.TestAdminWithDemoLogin" name="test_update_user_subscription_and_date" time="0.249" /><testcase classname="backend.tests.test_admin_ticket_user_endpoints.TestNonAdminAccess" name="test_non_admin_cannot_get_users" time="0.158" /><testcase classname="backend.tests.test_admin_ticket_user_endpoints.TestNonAdminAccess" name="test_non_admin_cannot_get_tickets" time="0.162" /><testcase classname="backend.tests.test_admin_ticket_user_endpoints.TestNonAdminAccess" name="test_non_admin_cannot_update_ticket_status" time="0.197" /><testcase classname="backend.tests.test_admin_ticket_user_endpoints.TestNonAdminAccess" name="test_non_admin_cannot_update_user" time="0.192" /></testsuite></testsuites>